This is pdfTeX, Version 3.14159265-2.6-1.40.21 (TeX Live 2020/W32TeX) (preloaded format=pdflatex 2021.2.23)  26 FEB 2021 10:26
entering extended mode
 restricted \write18 enabled.
 %&-line parsing enabled.
**The-Effects-of-Opening-a-Restaurant-in-a-Pandemic_Temp.tex
(./The-Effects-of-Opening-a-Restaurant-in-a-Pandemic_Temp.tex
LaTeX2e <2020-10-01> patch level 4
L3 programming layer <2021-02-18> (c:/Users/Spade/AppData/Roaming/TinyTeX/texmf
-dist/tex/latex/base/article.cls
Document Class: article 2020/04/10 v1.4m Standard LaTeX document class
(c:/Users/Spade/AppData/Roaming/TinyTeX/texmf-dist/tex/latex/base/size10.clo
File: size10.clo 2020/04/10 v1.4m Standard LaTeX file (size option)
)
\c@part=\count179
\c@section=\count180
\c@subsection=\count181
\c@subsubsection=\count182
\c@paragraph=\count183
\c@subparagraph=\count184
\c@figure=\count185
\c@table=\count186
\abovecaptionskip=\skip47
\belowcaptionskip=\skip48
\bibindent=\dimen138
) (c:/Users/Spade/AppData/Roaming/TinyTeX/texmf-dist/tex/latex/lm/lmodern.sty
Package: lmodern 2009/10/30 v1.6 Latin Modern Fonts
LaTeX Font Info:    Overwriting symbol font `operators' in version `normal'
(Font)                  OT1/cmr/m/n --> OT1/lmr/m/n on input line 22.
LaTeX Font Info:    Overwriting symbol font `letters' in version `normal'
(Font)                  OML/cmm/m/it --> OML/lmm/m/it on input line 23.
LaTeX Font Info:    Overwriting symbol font `symbols' in version `normal'
(Font)                  OMS/cmsy/m/n --> OMS/lmsy/m/n on input line 24.
LaTeX Font Info:    Overwriting symbol font `largesymbols' in version `normal'
(Font)                  OMX/cmex/m/n --> OMX/lmex/m/n on input line 25.
LaTeX Font Info:    Overwriting symbol font `operators' in version `bold'
(Font)                  OT1/cmr/bx/n --> OT1/lmr/bx/n on input line 26.
LaTeX Font Info:    Overwriting symbol font `letters' in version `bold'
(Font)                  OML/cmm/b/it --> OML/lmm/b/it on input line 27.
LaTeX Font Info:    Overwriting symbol font `symbols' in version `bold'
(Font)                  OMS/cmsy/b/n --> OMS/lmsy/b/n on input line 28.
LaTeX Font Info:    Overwriting symbol font `largesymbols' in version `bold'
(Font)                  OMX/cmex/m/n --> OMX/lmex/m/n on input line 29.
LaTeX Font Info:    Overwriting math alphabet `\mathbf' in version `normal'
(Font)                  OT1/cmr/bx/n --> OT1/lmr/bx/n on input line 31.
LaTeX Font Info:    Overwriting math alphabet `\mathsf' in version `normal'
(Font)                  OT1/cmss/m/n --> OT1/lmss/m/n on input line 32.
LaTeX Font Info:    Overwriting math alphabet `\mathit' in version `normal'
(Font)                  OT1/cmr/m/it --> OT1/lmr/m/it on input line 33.
LaTeX Font Info:    Overwriting math alphabet `\mathtt' in version `normal'
(Font)                  OT1/cmtt/m/n --> OT1/lmtt/m/n on input line 34.
LaTeX Font Info:    Overwriting math alphabet `\mathbf' in version `bold'
(Font)                  OT1/cmr/bx/n --> OT1/lmr/bx/n on input line 35.
LaTeX Font Info:    Overwriting math alphabet `\mathsf' in version `bold'
(Font)                  OT1/cmss/bx/n --> OT1/lmss/bx/n on input line 36.
LaTeX Font Info:    Overwriting math alphabet `\mathit' in version `bold'
(Font)                  OT1/cmr/bx/it --> OT1/lmr/bx/it on input line 37.
LaTeX Font Info:    Overwriting math alphabet `\mathtt' in version `bold'
(Font)                  OT1/cmtt/m/n --> OT1/lmtt/m/n on input line 38.
)
(c:/Users/Spade/AppData/Roaming/TinyTeX/texmf-dist/tex/latex/amsfonts/amssymb.s
ty
Package: amssymb 2013/01/14 v3.01 AMS font symbols

(c:/Users/Spade/AppData/Roaming/TinyTeX/texmf-dist/tex/latex/amsfonts/amsfonts.
sty
Package: amsfonts 2013/01/14 v3.01 Basic AMSFonts support
\@emptytoks=\toks15
\symAMSa=\mathgroup4
\symAMSb=\mathgroup5
LaTeX Font Info:    Redeclaring math symbol \hbar on input line 98.
LaTeX Font Info:    Overwriting math alphabet `\mathfrak' in version `bold'
(Font)                  U/euf/m/n --> U/euf/b/n on input line 106.
))
(c:/Users/Spade/AppData/Roaming/TinyTeX/texmf-dist/tex/latex/amsmath/amsmath.st
y
Package: amsmath 2020/09/23 v2.17i AMS math features
\@mathmargin=\skip49
For additional information on amsmath, use the `?' option.

(c:/Users/Spade/AppData/Roaming/TinyTeX/texmf-dist/tex/latex/amsmath/amstext.st
y
Package: amstext 2000/06/29 v2.01 AMS text

(c:/Users/Spade/AppData/Roaming/TinyTeX/texmf-dist/tex/latex/amsmath/amsgen.sty
File: amsgen.sty 1999/11/30 v2.0 generic functions
\@emptytoks=\toks16
\ex@=\dimen139
))
(c:/Users/Spade/AppData/Roaming/TinyTeX/texmf-dist/tex/latex/amsmath/amsbsy.sty
Package: amsbsy 1999/11/29 v1.2d Bold Symbols
\pmbraise@=\dimen140
)
(c:/Users/Spade/AppData/Roaming/TinyTeX/texmf-dist/tex/latex/amsmath/amsopn.sty
Package: amsopn 2016/03/08 v2.02 operator names
)
\inf@bad=\count187
LaTeX Info: Redefining \frac on input line 234.
\uproot@=\count188
\leftroot@=\count189
LaTeX Info: Redefining \overline on input line 399.
\classnum@=\count190
\DOTSCASE@=\count191
LaTeX Info: Redefining \ldots on input line 496.
LaTeX Info: Redefining \dots on input line 499.
LaTeX Info: Redefining \cdots on input line 620.
\Mathstrutbox@=\box47
\strutbox@=\box48
\big@size=\dimen141
LaTeX Font Info:    Redeclaring font encoding OML on input line 743.
LaTeX Font Info:    Redeclaring font encoding OMS on input line 744.
\macc@depth=\count192
\c@MaxMatrixCols=\count193
\dotsspace@=\muskip16
\c@parentequation=\count194
\dspbrk@lvl=\count195
\tag@help=\toks17
\row@=\count196
\column@=\count197
\maxfields@=\count198
\andhelp@=\toks18
\eqnshift@=\dimen142
\alignsep@=\dimen143
\tagshift@=\dimen144
\tagwidth@=\dimen145
\totwidth@=\dimen146
\lineht@=\dimen147
\@envbody=\toks19
\multlinegap=\skip50
\multlinetaggap=\skip51
\mathdisplay@stack=\toks20
LaTeX Info: Redefining \[ on input line 2923.
LaTeX Info: Redefining \] on input line 2924.
)
(c:/Users/Spade/AppData/Roaming/TinyTeX/texmf-dist/tex/generic/iftex/ifxetex.st
y
Package: ifxetex 2019/10/25 v0.7 ifxetex legacy package. Use iftex instead.
(c:/Users/Spade/AppData/Roaming/TinyTeX/texmf-dist/tex/generic/iftex/iftex.sty
Package: iftex 2020/03/06 v1.0d TeX engine tests
))
(c:/Users/Spade/AppData/Roaming/TinyTeX/texmf-dist/tex/generic/iftex/ifluatex.s
ty
Package: ifluatex 2019/10/25 v1.5 ifluatex legacy package. Use iftex instead.
) (c:/Users/Spade/AppData/Roaming/TinyTeX/texmf-dist/tex/latex/base/fontenc.sty
Package: fontenc 2020/08/10 v2.0s Standard LaTeX package
LaTeX Font Info:    Trying to load font information for T1+lmr on input line 11
2.
(c:/Users/Spade/AppData/Roaming/TinyTeX/texmf-dist/tex/latex/lm/t1lmr.fd
File: t1lmr.fd 2009/10/30 v1.6 Font defs for Latin Modern
)) (c:/Users/Spade/AppData/Roaming/TinyTeX/texmf-dist/tex/latex/base/inputenc.s
ty
Package: inputenc 2020/08/01 v1.3d Input encoding file
\inpenc@prehook=\toks21
\inpenc@posthook=\toks22
) (c:/Users/Spade/AppData/Roaming/TinyTeX/texmf-dist/tex/latex/base/textcomp.st
y
Package: textcomp 2020/02/02 v2.0n Standard LaTeX package
)
(c:/Users/Spade/AppData/Roaming/TinyTeX/texmf-dist/tex/latex/upquote/upquote.st
y
Package: upquote 2012/04/19 v1.3 upright-quote and grave-accent glyphs in verba
tim
) (c:/Users/Spade/AppData/Roaming/TinyTeX/texmf-dist/tex/latex/xcolor/xcolor.st
y
Package: xcolor 2016/05/11 v2.12 LaTeX color extensions (UK)

(c:/Users/Spade/AppData/Roaming/TinyTeX/texmf-dist/tex/latex/graphics-cfg/color
.cfg
File: color.cfg 2016/01/02 v1.6 sample color configuration
)
Package xcolor Info: Driver file: pdftex.def on input line 225.

(c:/Users/Spade/AppData/Roaming/TinyTeX/texmf-dist/tex/latex/graphics-def/pdfte
x.def
File: pdftex.def 2020/10/05 v1.2a Graphics/color driver for pdftex
)
Package xcolor Info: Model `cmy' substituted by `cmy0' on input line 1348.
Package xcolor Info: Model `hsb' substituted by `rgb' on input line 1352.
Package xcolor Info: Model `RGB' extended on input line 1364.
Package xcolor Info: Model `HTML' substituted by `rgb' on input line 1366.
Package xcolor Info: Model `Hsb' substituted by `hsb' on input line 1367.
Package xcolor Info: Model `tHsb' substituted by `hsb' on input line 1368.
Package xcolor Info: Model `HSB' substituted by `hsb' on input line 1369.
Package xcolor Info: Model `Gray' substituted by `gray' on input line 1370.
Package xcolor Info: Model `wave' substituted by `hsb' on input line 1371.
)
(c:/Users/Spade/AppData/Roaming/TinyTeX/texmf-dist/tex/latex/hyperref/hyperref.
sty
Package: hyperref 2021-02-10 v7.00j Hypertext links for LaTeX

(c:/Users/Spade/AppData/Roaming/TinyTeX/texmf-dist/tex/generic/ltxcmds/ltxcmds.
sty
Package: ltxcmds 2020-05-10 v1.25 LaTeX kernel commands for general use (HO)
)
(c:/Users/Spade/AppData/Roaming/TinyTeX/texmf-dist/tex/latex/pdftexcmds/pdftexc
mds.sty
Package: pdftexcmds 2019/11/24 v0.31 Utility functions of pdfTeX for LuaTeX (HO
)

(c:/Users/Spade/AppData/Roaming/TinyTeX/texmf-dist/tex/generic/infwarerr/infwar
err.sty
Package: infwarerr 2019/12/03 v1.5 Providing info/warning/error messages (HO)
)
Package pdftexcmds Info: \pdf@primitive is available.
Package pdftexcmds Info: \pdf@ifprimitive is available.
Package pdftexcmds Info: \pdfdraftmode found.
)
(c:/Users/Spade/AppData/Roaming/TinyTeX/texmf-dist/tex/latex/graphics/keyval.st
y
Package: keyval 2014/10/28 v1.15 key=value parser (DPC)
\KV@toks@=\toks23
)
(c:/Users/Spade/AppData/Roaming/TinyTeX/texmf-dist/tex/generic/kvsetkeys/kvsetk
eys.sty
Package: kvsetkeys 2019/12/15 v1.18 Key value parser (HO)
)
(c:/Users/Spade/AppData/Roaming/TinyTeX/texmf-dist/tex/generic/kvdefinekeys/kvd
efinekeys.sty
Package: kvdefinekeys 2019-12-19 v1.6 Define keys (HO)
)
(c:/Users/Spade/AppData/Roaming/TinyTeX/texmf-dist/tex/generic/pdfescape/pdfesc
ape.sty
Package: pdfescape 2019/12/09 v1.15 Implements pdfTeX's escape features (HO)
)
(c:/Users/Spade/AppData/Roaming/TinyTeX/texmf-dist/tex/latex/hycolor/hycolor.st
y
Package: hycolor 2020-01-27 v1.10 Color options for hyperref/bookmark (HO)
)
(c:/Users/Spade/AppData/Roaming/TinyTeX/texmf-dist/tex/latex/letltxmacro/letltx
macro.sty
Package: letltxmacro 2019/12/03 v1.6 Let assignment for LaTeX macros (HO)
)
(c:/Users/Spade/AppData/Roaming/TinyTeX/texmf-dist/tex/latex/auxhook/auxhook.st
y
Package: auxhook 2019-12-17 v1.6 Hooks for auxiliary files (HO)
)
(c:/Users/Spade/AppData/Roaming/TinyTeX/texmf-dist/tex/latex/kvoptions/kvoption
s.sty
Package: kvoptions 2020-10-07 v3.14 Key value format for package options (HO)
)
\@linkdim=\dimen148
\Hy@linkcounter=\count199
\Hy@pagecounter=\count266

(c:/Users/Spade/AppData/Roaming/TinyTeX/texmf-dist/tex/latex/hyperref/pd1enc.de
f
File: pd1enc.def 2021-02-10 v7.00j Hyperref: PDFDocEncoding definition (HO)
Now handling font encoding PD1 ...
... no UTF-8 mapping file for font encoding PD1
)
(c:/Users/Spade/AppData/Roaming/TinyTeX/texmf-dist/tex/latex/hyperref/hyperref-
langpatches.def
File: hyperref-langpatches.def 2021-02-10 v7.00j Hyperref: patches for babel la
nguages
)
(c:/Users/Spade/AppData/Roaming/TinyTeX/texmf-dist/tex/generic/intcalc/intcalc.
sty
Package: intcalc 2019/12/15 v1.3 Expandable calculations with integers (HO)
)
(c:/Users/Spade/AppData/Roaming/TinyTeX/texmf-dist/tex/generic/etexcmds/etexcmd
s.sty
Package: etexcmds 2019/12/15 v1.7 Avoid name clashes with e-TeX commands (HO)
)
\Hy@SavedSpaceFactor=\count267

(c:/Users/Spade/AppData/Roaming/TinyTeX/texmf-dist/tex/latex/hyperref/puenc.def
File: puenc.def 2021-02-10 v7.00j Hyperref: PDF Unicode definition (HO)
Now handling font encoding PU ...
... no UTF-8 mapping file for font encoding PU
)
Package hyperref Info: Option `unicode' set `true' on input line 4073.
Package hyperref Info: Hyper figures OFF on input line 4192.
Package hyperref Info: Link nesting OFF on input line 4197.
Package hyperref Info: Hyper index ON on input line 4200.
Package hyperref Info: Plain pages OFF on input line 4207.
Package hyperref Info: Backreferencing OFF on input line 4212.
Package hyperref Info: Implicit mode ON; LaTeX internals redefined.
Package hyperref Info: Bookmarks ON on input line 4445.
\c@Hy@tempcnt=\count268
(c:/Users/Spade/AppData/Roaming/TinyTeX/texmf-dist/tex/latex/url/url.sty
\Urlmuskip=\muskip17
Package: url 2013/09/16  ver 3.4  Verb mode for urls, etc.
)
LaTeX Info: Redefining \url on input line 4804.
\XeTeXLinkMargin=\dimen149

(c:/Users/Spade/AppData/Roaming/TinyTeX/texmf-dist/tex/generic/bitset/bitset.st
y
Package: bitset 2019/12/09 v1.3 Handle bit-vector datatype (HO)

(c:/Users/Spade/AppData/Roaming/TinyTeX/texmf-dist/tex/generic/bigintcalc/bigin
tcalc.sty
Package: bigintcalc 2019/12/15 v1.5 Expandable calculations on big integers (HO
)
))
\Fld@menulength=\count269
\Field@Width=\dimen150
\Fld@charsize=\dimen151
Package hyperref Info: Hyper figures OFF on input line 6075.
Package hyperref Info: Link nesting OFF on input line 6080.
Package hyperref Info: Hyper index ON on input line 6083.
Package hyperref Info: backreferencing OFF on input line 6090.
Package hyperref Info: Link coloring OFF on input line 6095.
Package hyperref Info: Link coloring with OCG OFF on input line 6100.
Package hyperref Info: PDF/A mode OFF on input line 6105.
LaTeX Info: Redefining \ref on input line 6145.
LaTeX Info: Redefining \pageref on input line 6149.

(c:/Users/Spade/AppData/Roaming/TinyTeX/texmf-dist/tex/latex/base/atbegshi-ltx.
sty
Package: atbegshi-ltx 2020/08/17 v1.0a Emulation of the original atbegshi packa
ge
with kernel methods
)
\Hy@abspage=\count270
\c@Item=\count271
\c@Hfootnote=\count272
)
Package hyperref Info: Driver (autodetected): hpdftex.

(c:/Users/Spade/AppData/Roaming/TinyTeX/texmf-dist/tex/latex/hyperref/hpdftex.d
ef
File: hpdftex.def 2021-02-10 v7.00j Hyperref driver for pdfTeX

(c:/Users/Spade/AppData/Roaming/TinyTeX/texmf-dist/tex/latex/base/atveryend-ltx
.sty
Package: atveryend-ltx 2020/08/19 v1.0a Emulation of the original atvery packag
e
with kernel methods
)
\Fld@listcount=\count273
\c@bookmark@seq@number=\count274

(c:/Users/Spade/AppData/Roaming/TinyTeX/texmf-dist/tex/latex/rerunfilecheck/rer
unfilecheck.sty
Package: rerunfilecheck 2019/12/05 v1.9 Rerun checks for auxiliary files (HO)

(c:/Users/Spade/AppData/Roaming/TinyTeX/texmf-dist/tex/generic/uniquecounter/un
iquecounter.sty
Package: uniquecounter 2019/12/15 v1.4 Provide unlimited unique counter (HO)
)
Package uniquecounter Info: New unique counter `rerunfilecheck' on input line 2
86.
)
\Hy@SectionHShift=\skip52
)
(c:/Users/Spade/AppData/Roaming/TinyTeX/texmf-dist/tex/latex/geometry/geometry.
sty
Package: geometry 2020/01/02 v5.9 Page Geometry

(c:/Users/Spade/AppData/Roaming/TinyTeX/texmf-dist/tex/generic/iftex/ifvtex.sty
Package: ifvtex 2019/10/25 v1.7 ifvtex legacy package. Use iftex instead.
)
\Gm@cnth=\count275
\Gm@cntv=\count276
\c@Gm@tempcnt=\count277
\Gm@bindingoffset=\dimen152
\Gm@wd@mp=\dimen153
\Gm@odd@mp=\dimen154
\Gm@even@mp=\dimen155
\Gm@layoutwidth=\dimen156
\Gm@layoutheight=\dimen157
\Gm@layouthoffset=\dimen158
\Gm@layoutvoffset=\dimen159
\Gm@dimlist=\toks24
)
(c:/Users/Spade/AppData/Roaming/TinyTeX/texmf-dist/tex/latex/tools/longtable.st
y
Package: longtable 2020/01/07 v4.13 Multi-page Table package (DPC)
\LTleft=\skip53
\LTright=\skip54
\LTpre=\skip55
\LTpost=\skip56
\LTchunksize=\count278
\LTcapwidth=\dimen160
\LT@head=\box49
\LT@firsthead=\box50
\LT@foot=\box51
\LT@lastfoot=\box52
\LT@cols=\count279
\LT@rows=\count280
\c@LT@tables=\count281
\c@LT@chunks=\count282
\LT@p@ftn=\toks25
)
(c:/Users/Spade/AppData/Roaming/TinyTeX/texmf-dist/tex/latex/booktabs/booktabs.
sty
Package: booktabs 2020/01/12 v1.61803398 Publication quality tables
\heavyrulewidth=\dimen161
\lightrulewidth=\dimen162
\cmidrulewidth=\dimen163
\belowrulesep=\dimen164
\belowbottomsep=\dimen165
\aboverulesep=\dimen166
\abovetopsep=\dimen167
\cmidrulesep=\dimen168
\cmidrulekern=\dimen169
\defaultaddspace=\dimen170
\@cmidla=\count283
\@cmidlb=\count284
\@aboverulesep=\dimen171
\@belowrulesep=\dimen172
\@thisruleclass=\count285
\@lastruleclass=\count286
\@thisrulewidth=\dimen173
)
(c:/Users/Spade/AppData/Roaming/TinyTeX/texmf-dist/tex/latex/etoolbox/etoolbox.
sty
Package: etoolbox 2020/10/05 v2.5k e-TeX tools for LaTeX (JAW)
\etb@tempcnta=\count287
)
(c:/Users/Spade/AppData/Roaming/TinyTeX/texmf-dist/tex/latex/mdwtools/footnote.
sty
Package: footnote 1997/01/28 1.13 Save footnotes around boxes
\fn@notes=\box53
\fn@width=\dimen174
)
(c:/Users/Spade/AppData/Roaming/TinyTeX/texmf-dist/tex/latex/graphics/graphicx.
sty
Package: graphicx 2020/09/09 v1.2b Enhanced LaTeX Graphics (DPC,SPQR)

(c:/Users/Spade/AppData/Roaming/TinyTeX/texmf-dist/tex/latex/graphics/graphics.
sty
Package: graphics 2020/08/30 v1.4c Standard LaTeX Graphics (DPC,SPQR)
(c:/Users/Spade/AppData/Roaming/TinyTeX/texmf-dist/tex/latex/graphics/trig.sty
Package: trig 2016/01/03 v1.10 sin cos tan (DPC)
)
(c:/Users/Spade/AppData/Roaming/TinyTeX/texmf-dist/tex/latex/graphics-cfg/graph
ics.cfg
File: graphics.cfg 2016/06/04 v1.11 sample graphics configuration
)
Package graphics Info: Driver file: pdftex.def on input line 105.
)
\Gin@req@height=\dimen175
\Gin@req@width=\dimen176
)
(c:/Users/Spade/AppData/Roaming/TinyTeX/texmf-dist/tex/latex/grffile/grffile.st
y
Package: grffile 2019/11/11 v2.1 Extended file name support for graphics (legac
y)
Package grffile Info: This package is an empty stub for compatibility on input 
line 40.
) (c:/Users/Spade/AppData/Roaming/TinyTeX/texmf-dist/tex/latex/float/float.sty
Package: float 2001/11/08 v1.3d Float enhancements (AL)
\c@float@type=\count288
\float@exts=\toks26
\float@box=\box54
\@float@everytoks=\toks27
\@floatcapt=\box55
) (c:/Users/Spade/AppData/Roaming/TinyTeX/texmf-dist/tex/latex/tools/array.sty
Package: array 2020/10/01 v2.5c Tabular extension package (FMi)
\col@sep=\dimen177
\ar@mcellbox=\box56
\extrarowheight=\dimen178
\NC@list=\toks28
\extratabsurround=\skip57
\backup@length=\skip58
\ar@cellbox=\box57
)
(c:/Users/Spade/AppData/Roaming/TinyTeX/texmf-dist/tex/latex/multirow/multirow.
sty
Package: multirow 2021/01/29 v2.7 Span multiple rows of a table
\multirow@colwidth=\skip59
\multirow@cntb=\count289
\multirow@dima=\skip60
\bigstrutjot=\dimen179
)
(c:/Users/Spade/AppData/Roaming/TinyTeX/texmf-dist/tex/latex/wrapfig/wrapfig.st
y
\wrapoverhang=\dimen180
\WF@size=\dimen181
\c@WF@wrappedlines=\count290
\WF@box=\box58
\WF@everypar=\toks29
Package: wrapfig 2003/01/31  v 3.6
)
(c:/Users/Spade/AppData/Roaming/TinyTeX/texmf-dist/tex/latex/colortbl/colortbl.
sty
Package: colortbl 2020/01/04 v1.0e Color table columns (DPC)
\everycr=\toks30
\minrowclearance=\skip61
)
(c:/Users/Spade/AppData/Roaming/TinyTeX/texmf-dist/tex/latex/pdflscape/pdflscap
e.sty
Package: pdflscape 2019/12/05 v0.12 Display of landscape pages in PDF (HO)

(c:/Users/Spade/AppData/Roaming/TinyTeX/texmf-dist/tex/latex/graphics/lscape.st
y
Package: lscape 2020/05/28 v3.02 Landscape Pages (DPC)
)
Package pdflscape Info: Auto-detected driver: pdftex on input line 81.
) (c:/Users/Spade/AppData/Roaming/TinyTeX/texmf-dist/tex/latex/tabu/tabu.sty
Package: tabu 2019/01/11 v2.9 - flexible LaTeX tabulars (FC+tabu-fixed)

(c:/Users/Spade/AppData/Roaming/TinyTeX/texmf-dist/tex/latex/varwidth/varwidth.
sty
Package: varwidth 2009/03/30 ver 0.92;  Variable-width minipages
\@vwid@box=\box59
\sift@deathcycles=\count291
\@vwid@loff=\dimen182
\@vwid@roff=\dimen183
)
\c@taburow=\count292
\tabu@nbcols=\count293
\tabu@cnt=\count294
\tabu@Xcol=\count295
\tabu@alloc=\count296
\tabu@nested=\count297
\tabu@target=\dimen184
\tabu@spreadtarget=\dimen185
\tabu@naturalX=\dimen186
\tabucolX=\dimen187
\tabu@Xsum=\dimen188
\extrarowdepth=\dimen189
\abovetabulinesep=\dimen190
\belowtabulinesep=\dimen191
\tabustrutrule=\dimen192
\tabu@thebody=\toks31
\tabu@footnotes=\toks32
\tabu@box=\box60
\tabu@arstrutbox=\box61
\tabu@hleads=\box62
\tabu@vleads=\box63
\tabu@cellskip=\skip62
)
(c:/Users/Spade/AppData/Roaming/TinyTeX/texmf-dist/tex/latex/threeparttable/thr
eeparttable.sty
Package: threeparttable 2003/06/13  v 3.0
\@tempboxb=\box64
)
(c:/Users/Spade/AppData/Roaming/TinyTeX/texmf-dist/tex/latex/threeparttablex/th
reeparttablex.sty
Package: threeparttablex 2013/07/23 v0.3 by daleif

(c:/Users/Spade/AppData/Roaming/TinyTeX/texmf-dist/tex/latex/environ/environ.st
y
Package: environ 2014/05/04 v0.3 A new way to define environments

(c:/Users/Spade/AppData/Roaming/TinyTeX/texmf-dist/tex/latex/trimspaces/trimspa
ces.sty
Package: trimspaces 2009/09/17 v1.1 Trim spaces around a token list
))
\TPTL@width=\skip63
) (c:/Users/Spade/AppData/Roaming/TinyTeX/texmf-dist/tex/generic/ulem/ulem.sty
\UL@box=\box65
\UL@hyphenbox=\box66
\UL@skip=\skip64
\UL@hook=\toks33
\UL@height=\dimen193
\UL@pe=\count298
\UL@pixel=\dimen194
\ULC@box=\box67
Package: ulem 2019/11/18
\ULdepth=\dimen195
)
(c:/Users/Spade/AppData/Roaming/TinyTeX/texmf-dist/tex/latex/makecell/makecell.
sty
Package: makecell 2009/08/03 V0.1e Managing of Tab Column Heads and Cells
\rotheadsize=\dimen196
\c@nlinenum=\count299
\TeXr@lab=\toks34
)
(c:/Users/Spade/AppData/Roaming/TinyTeX/texmf-dist/tex/latex/l3backend/l3backen
d-pdftex.def
File: l3backend-pdftex.def 2021-02-18 L3 backend support: PDF output (pdfTeX)
\l__color_backend_stack_int=\count300
\l__pdf_internal_box=\box68
) (./The-Effects-of-Opening-a-Restaurant-in-a-Pandemic_Temp.aux)
\openout1 = `The-Effects-of-Opening-a-Restaurant-in-a-Pandemic_Temp.aux'.

LaTeX Font Info:    Checking defaults for OML/cmm/m/it on input line 92.
LaTeX Font Info:    ... okay on input line 92.
LaTeX Font Info:    Checking defaults for OMS/cmsy/m/n on input line 92.
LaTeX Font Info:    ... okay on input line 92.
LaTeX Font Info:    Checking defaults for OT1/cmr/m/n on input line 92.
LaTeX Font Info:    ... okay on input line 92.
LaTeX Font Info:    Checking defaults for T1/cmr/m/n on input line 92.
LaTeX Font Info:    ... okay on input line 92.
LaTeX Font Info:    Checking defaults for TS1/cmr/m/n on input line 92.
LaTeX Font Info:    ... okay on input line 92.
LaTeX Font Info:    Checking defaults for OMX/cmex/m/n on input line 92.
LaTeX Font Info:    ... okay on input line 92.
LaTeX Font Info:    Checking defaults for U/cmr/m/n on input line 92.
LaTeX Font Info:    ... okay on input line 92.
LaTeX Font Info:    Checking defaults for PD1/pdf/m/n on input line 92.
LaTeX Font Info:    ... okay on input line 92.
LaTeX Font Info:    Checking defaults for PU/pdf/m/n on input line 92.
LaTeX Font Info:    ... okay on input line 92.

(c:/Users/Spade/AppData/Roaming/TinyTeX/texmf-dist/tex/latex/epstopdf-pkg/epsto
pdf-base.sty
Package: epstopdf-base 2020-01-24 v2.11 Base part for package epstopdf
Package epstopdf-base Info: Redefining graphics rule for `.eps' on input line 4
85.

(c:/Users/Spade/AppData/Roaming/TinyTeX/texmf-dist/tex/latex/latexconfig/epstop
df-sys.cfg
File: epstopdf-sys.cfg 2010/07/13 v1.3 Configuration of (r)epstopdf for TeX Liv
e
))
Package hyperref Info: Link coloring OFF on input line 92.

(c:/Users/Spade/AppData/Roaming/TinyTeX/texmf-dist/tex/latex/hyperref/nameref.s
ty
Package: nameref 2021-04-02 v2.47 Cross-referencing by name of section

(c:/Users/Spade/AppData/Roaming/TinyTeX/texmf-dist/tex/latex/refcount/refcount.
sty
Package: refcount 2019/12/15 v3.6 Data extraction from label references (HO)
)
(c:/Users/Spade/AppData/Roaming/TinyTeX/texmf-dist/tex/generic/gettitlestring/g
ettitlestring.sty
Package: gettitlestring 2019/12/15 v1.6 Cleanup title references (HO)
)
\c@section@level=\count301
)
LaTeX Info: Redefining \ref on input line 92.
LaTeX Info: Redefining \pageref on input line 92.
LaTeX Info: Redefining \nameref on input line 92.
(./The-Effects-of-Opening-a-Restaurant-in-a-Pandemic_Temp.out) (./The-Effects-o
f-Opening-a-Restaurant-in-a-Pandemic_Temp.out)
\@outlinefile=\write3
\openout3 = `The-Effects-of-Opening-a-Restaurant-in-a-Pandemic_Temp.out'.

*geometry* driver: auto-detecting
*geometry* detected driver: pdftex
*geometry* verbose mode - [ preamble ] result:
* driver: pdftex
* paper: <default>
* layout: <same size as paper>
* layoutoffset:(h,v)=(0.0pt,0.0pt)
* modes: 
* h-part:(L,W,R)=(72.26999pt, 469.75502pt, 72.26999pt)
* v-part:(T,H,B)=(72.26999pt, 650.43001pt, 72.26999pt)
* \paperwidth=614.295pt
* \paperheight=794.96999pt
* \textwidth=469.75502pt
* \textheight=650.43001pt
* \oddsidemargin=0.0pt
* \evensidemargin=0.0pt
* \topmargin=-37.0pt
* \headheight=12.0pt
* \headsep=25.0pt
* \topskip=10.0pt
* \footskip=30.0pt
* \marginparwidth=65.0pt
* \marginparsep=11.0pt
* \columnsep=10.0pt
* \skip\footins=9.0pt plus 4.0pt minus 2.0pt
* \hoffset=0.0pt
* \voffset=0.0pt
* \mag=1000
* \@twocolumnfalse
* \@twosidefalse
* \@mparswitchfalse
* \@reversemarginfalse
* (1in=72.27pt=25.4mm, 1cm=28.453pt)

LaTeX Font Info:    Trying to load font information for OT1+lmr on input line 9
4.
(c:/Users/Spade/AppData/Roaming/TinyTeX/texmf-dist/tex/latex/lm/ot1lmr.fd
File: ot1lmr.fd 2009/10/30 v1.6 Font defs for Latin Modern
)
LaTeX Font Info:    Trying to load font information for OML+lmm on input line 9
4.
(c:/Users/Spade/AppData/Roaming/TinyTeX/texmf-dist/tex/latex/lm/omllmm.fd
File: omllmm.fd 2009/10/30 v1.6 Font defs for Latin Modern
)
LaTeX Font Info:    Trying to load font information for OMS+lmsy on input line 
94.
(c:/Users/Spade/AppData/Roaming/TinyTeX/texmf-dist/tex/latex/lm/omslmsy.fd
File: omslmsy.fd 2009/10/30 v1.6 Font defs for Latin Modern
)
LaTeX Font Info:    Trying to load font information for OMX+lmex on input line 
94.
(c:/Users/Spade/AppData/Roaming/TinyTeX/texmf-dist/tex/latex/lm/omxlmex.fd
File: omxlmex.fd 2009/10/30 v1.6 Font defs for Latin Modern
)
LaTeX Font Info:    External font `lmex10' loaded for size
(Font)              <17.28> on input line 94.
LaTeX Font Info:    External font `lmex10' loaded for size
(Font)              <12> on input line 94.
LaTeX Font Info:    External font `lmex10' loaded for size
(Font)              <10> on input line 94.
LaTeX Font Info:    Trying to load font information for U+msa on input line 94.

(c:/Users/Spade/AppData/Roaming/TinyTeX/texmf-dist/tex/latex/amsfonts/umsa.fd
File: umsa.fd 2013/01/14 v3.01 AMS symbols A
)
LaTeX Font Info:    Trying to load font information for U+msb on input line 94.

(c:/Users/Spade/AppData/Roaming/TinyTeX/texmf-dist/tex/latex/amsfonts/umsb.fd
File: umsb.fd 2013/01/14 v3.01 AMS symbols B
)
LaTeX Font Info:    Trying to load font information for TS1+lmr on input line 9
4.
(c:/Users/Spade/AppData/Roaming/TinyTeX/texmf-dist/tex/latex/lm/ts1lmr.fd
File: ts1lmr.fd 2009/10/30 v1.6 Font defs for Latin Modern
)
LaTeX Font Info:    External font `lmex10' loaded for size
(Font)              <8> on input line 94.
LaTeX Font Info:    External font `lmex10' loaded for size
(Font)              <6> on input line 94.
LaTeX Font Info:    External font `lmex10' loaded for size
(Font)              <5> on input line 94.
[1

{c:/Users/Spade/AppData/Roaming/TinyTeX/texmf-var/fonts/map/pdftex/updmap/pdfte
x.map}] (./The-Effects-of-Opening-a-Restaurant-in-a-Pandemic_Temp.toc
LaTeX Font Info:    External font `lmex10' loaded for size
(Font)              <7> on input line 3.
)
\tf@toc=\write4
\openout4 = `The-Effects-of-Opening-a-Restaurant-in-a-Pandemic_Temp.toc'.

[2] [3]
LaTeX Font Info:    Trying to load font information for T1+lmtt on input line 1
50.
(c:/Users/Spade/AppData/Roaming/TinyTeX/texmf-dist/tex/latex/lm/t1lmtt.fd
File: t1lmtt.fd 2009/10/30 v1.6 Font defs for Latin Modern
) [4]
<The-Effects-of-Opening-a-Restaurant-in-a-Pandemic_Temp_files/figure-latex/figu
repls-1.pdf, id=111, 469.755pt x 325.215pt>
File: The-Effects-of-Opening-a-Restaurant-in-a-Pandemic_Temp_files/figure-latex
/figurepls-1.pdf Graphic file (type pdf)
<use The-Effects-of-Opening-a-Restaurant-in-a-Pandemic_Temp_files/figure-latex/
figurepls-1.pdf>
Package pdftex.def Info: The-Effects-of-Opening-a-Restaurant-in-a-Pandemic_Temp
_files/figure-latex/figurepls-1.pdf  used on input line 185.
(pdftex.def)             Requested size: 469.75386pt x 325.2142pt.

Underfull \hbox (badness 10000) in paragraph at lines 185--187
[][]
 []


Underfull \hbox (badness 10000) in paragraph at lines 185--187

 []

[5pdfTeX warning (ext4): destination with the same identifier (name{table.1}) h
as been already used, duplicate ignored
<argument> ...shipout:D \box_use:N \l_shipout_box 
                                                  
l.187 
      ]

LaTeX Warning: Reference `fig:figurepls' on page 6 undefined on input line 188.


<The-Effects-of-Opening-a-Restaurant-in-a-Pandemic_Temp_files/figure-latex/staf
ffig-1.pdf, id=120, 469.755pt x 325.215pt>
File: The-Effects-of-Opening-a-Restaurant-in-a-Pandemic_Temp_files/figure-latex
/stafffig-1.pdf Graphic file (type pdf)
<use The-Effects-of-Opening-a-Restaurant-in-a-Pandemic_Temp_files/figure-latex/
stafffig-1.pdf>
Package pdftex.def Info: The-Effects-of-Opening-a-Restaurant-in-a-Pandemic_Temp
_files/figure-latex/stafffig-1.pdf  used on input line 217.
(pdftex.def)             Requested size: 469.75386pt x 325.2142pt.
[6pdfTeX warning (ext4): destination with the same identifier (name{table.2}) h
as been already used, duplicate ignored
<argument> ...shipout:D \box_use:N \l_shipout_box 
                                                  
l.220 
       <./The-Effects-of-Opening-a-Restaurant-in-a-Pandemic_Temp_files/figure-l
atex/figurepls-1.pdf>] [7pdfTeX warning (ext4): destination with the same ident
ifier (name{figure.1}) has been already used, duplicate ignored
<argument> ...shipout:D \box_use:N \l_shipout_box 
                                                  
l.261 
      pdfTeX warning (ext4): destination with the same identifier (name{table.3
}) has been already used, duplicate ignored
<argument> ...shipout:D \box_use:N \l_shipout_box 
                                                  
l.261 
       <./The-Effects-of-Opening-a-Restaurant-in-a-Pandemic_Temp_files/figure-l
atex/stafffig-1.pdf>]

LaTeX Warning: Reference `fig:lowprofit' on page 8 undefined on input line 301.


<The-Effects-of-Opening-a-Restaurant-in-a-Pandemic_Temp_files/figure-latex/lowp
rofit-1.pdf, id=160, 469.755pt x 325.215pt>
File: The-Effects-of-Opening-a-Restaurant-in-a-Pandemic_Temp_files/figure-latex
/lowprofit-1.pdf Graphic file (type pdf)
<use The-Effects-of-Opening-a-Restaurant-in-a-Pandemic_Temp_files/figure-latex/
lowprofit-1.pdf>
Package pdftex.def Info: The-Effects-of-Opening-a-Restaurant-in-a-Pandemic_Temp
_files/figure-latex/lowprofit-1.pdf  used on input line 303.
(pdftex.def)             Requested size: 469.75386pt x 325.2142pt.

LaTeX Warning: Reference `fig:lowprofit' on page 8 undefined on input line 304.



LaTeX Warning: Reference `fig:lowstaff' on page 8 undefined on input line 304.


Underfull \hbox (badness 10000) in paragraph at lines 303--305
[][]
 []

[8pdfTeX warning (ext4): destination with the same identifier (name{table.4}) h
as been already used, duplicate ignored
<argument> ...shipout:D \box_use:N \l_shipout_box 
                                                  
l.305 
      pdfTeX warning (ext4): destination with the same identifier (name{table.5
}) has been already used, duplicate ignored
<argument> ...shipout:D \box_use:N \l_shipout_box 
                                                  
l.305 
      pdfTeX warning (ext4): destination with the same identifier (name{table.6
}) has been already used, duplicate ignored
<argument> ...shipout:D \box_use:N \l_shipout_box 
                                                  
l.305 
      ]
<The-Effects-of-Opening-a-Restaurant-in-a-Pandemic_Temp_files/figure-latex/lows
taff-1.pdf, id=168, 469.755pt x 325.215pt>
File: The-Effects-of-Opening-a-Restaurant-in-a-Pandemic_Temp_files/figure-latex
/lowstaff-1.pdf Graphic file (type pdf)
<use The-Effects-of-Opening-a-Restaurant-in-a-Pandemic_Temp_files/figure-latex/
lowstaff-1.pdf>
Package pdftex.def Info: The-Effects-of-Opening-a-Restaurant-in-a-Pandemic_Temp
_files/figure-latex/lowstaff-1.pdf  used on input line 306.
(pdftex.def)             Requested size: 469.75386pt x 325.2142pt.

LaTeX Warning: Reference `fig:lowstaff' on page 9 undefined on input line 307.


Underfull \hbox (badness 10000) in paragraph at lines 306--308
[][]
 []

[9 <./The-Effects-of-Opening-a-Restaurant-in-a-Pandemic_Temp_files/figure-latex
/lowprofit-1.pdf>]

LaTeX Warning: Reference `fig:midprofit' on page 10 undefined on input line 331
.

<The-Effects-of-Opening-a-Restaurant-in-a-Pandemic_Temp_files/figure-latex/midp
rofit-1.pdf, id=183, 469.755pt x 325.215pt>
File: The-Effects-of-Opening-a-Restaurant-in-a-Pandemic_Temp_files/figure-latex
/midprofit-1.pdf Graphic file (type pdf)
<use The-Effects-of-Opening-a-Restaurant-in-a-Pandemic_Temp_files/figure-latex/
midprofit-1.pdf>
Package pdftex.def Info: The-Effects-of-Opening-a-Restaurant-in-a-Pandemic_Temp
_files/figure-latex/midprofit-1.pdf  used on input line 333.
(pdftex.def)             Requested size: 469.75386pt x 325.2142pt.

LaTeX Warning: Reference `fig:midprofit' on page 10 undefined on input line 334
.


Underfull \hbox (badness 10000) in paragraph at lines 333--335
[][]
 []

[10pdfTeX warning (ext4): destination with the same identifier (name{table.7}) 
has been already used, duplicate ignored
<argument> ...shipout:D \box_use:N \l_shipout_box 
                                                  
l.335 
       <./The-Effects-of-Opening-a-Restaurant-in-a-Pandemic_Temp_files/figure-l
atex/lowstaff-1.pdf>]
<The-Effects-of-Opening-a-Restaurant-in-a-Pandemic_Temp_files/figure-latex/mids
taff-1.pdf, id=199, 469.755pt x 325.215pt>
File: The-Effects-of-Opening-a-Restaurant-in-a-Pandemic_Temp_files/figure-latex
/midstaff-1.pdf Graphic file (type pdf)
<use The-Effects-of-Opening-a-Restaurant-in-a-Pandemic_Temp_files/figure-latex/
midstaff-1.pdf>
Package pdftex.def Info: The-Effects-of-Opening-a-Restaurant-in-a-Pandemic_Temp
_files/figure-latex/midstaff-1.pdf  used on input line 338.
(pdftex.def)             Requested size: 469.75386pt x 325.2142pt.
[11 <./The-Effects-of-Opening-a-Restaurant-in-a-Pandemic_Temp_files/figure-late
x/midprofit-1.pdf>]
<The-Effects-of-Opening-a-Restaurant-in-a-Pandemic_Temp_files/figure-latex/high
profit-1.pdf, id=216, 469.755pt x 325.215pt>
File: The-Effects-of-Opening-a-Restaurant-in-a-Pandemic_Temp_files/figure-latex
/highprofit-1.pdf Graphic file (type pdf)
<use The-Effects-of-Opening-a-Restaurant-in-a-Pandemic_Temp_files/figure-latex/
highprofit-1.pdf>
Package pdftex.def Info: The-Effects-of-Opening-a-Restaurant-in-a-Pandemic_Temp
_files/figure-latex/highprofit-1.pdf  used on input line 370.
(pdftex.def)             Requested size: 469.75386pt x 325.2142pt.
[12pdfTeX warning (ext4): destination with the same identifier (name{figure.2})
 has been already used, duplicate ignored
<argument> ...shipout:D \box_use:N \l_shipout_box 
                                                  
l.372 \end{figure}
                  pdfTeX warning (ext4): destination with the same identifier (
name{table.8}) has been already used, duplicate ignored
<argument> ...shipout:D \box_use:N \l_shipout_box 
                                                  
l.372 \end{figure}
                   <./The-Effects-of-Opening-a-Restaurant-in-a-Pandemic_Temp_fi
les/figure-latex/midstaff-1.pdf>]
<The-Effects-of-Opening-a-Restaurant-in-a-Pandemic_Temp_files/figure-latex/high
staff-1.pdf, id=232, 469.755pt x 325.215pt>
File: The-Effects-of-Opening-a-Restaurant-in-a-Pandemic_Temp_files/figure-latex
/highstaff-1.pdf Graphic file (type pdf)
<use The-Effects-of-Opening-a-Restaurant-in-a-Pandemic_Temp_files/figure-latex/
highstaff-1.pdf>
Package pdftex.def Info: The-Effects-of-Opening-a-Restaurant-in-a-Pandemic_Temp
_files/figure-latex/highstaff-1.pdf  used on input line 378.
(pdftex.def)             Requested size: 469.75386pt x 325.2142pt.
[13pdfTeX warning (ext4): destination with the same identifier (name{figure.3})
 has been already used, duplicate ignored
<argument> ...shipout:D \box_use:N \l_shipout_box 
                                                  
l.381 
       <./The-Effects-of-Opening-a-Restaurant-in-a-Pandemic_Temp_files/figure-l
atex/highprofit-1.pdf>] [14pdfTeX warning (ext4): destination with the same ide
ntifier (name{figure.4}) has been already used, duplicate ignored
<argument> ...shipout:D \box_use:N \l_shipout_box 
                                                  
l.413 ...inesafe data}\label{about-dinesafe-data}}
                                                  pdfTeX warning (ext4): destin
ation with the same identifier (name{table.9}) has been already used, duplicate
 ignored
<argument> ...shipout:D \box_use:N \l_shipout_box 
                                                  
l.413 ...inesafe data}\label{about-dinesafe-data}}
                                                   <./The-Effects-of-Opening-a-
Restaurant-in-a-Pandemic_Temp_files/figure-latex/highstaff-1.pdf>] [15]
LaTeX Font Info:    Trying to load font information for TS1+lmtt on input line 
446.
(c:/Users/Spade/AppData/Roaming/TinyTeX/texmf-dist/tex/latex/lm/ts1lmtt.fd
File: ts1lmtt.fd 2009/10/30 v1.6 Font defs for Latin Modern
)
<D:/ISchool/2178/Paper2/2178Paper2/inputs/Images/Survey_Page1A.png, id=277, 676
.02562pt x 540.51938pt>
File: D:/ISchool/2178/Paper2/2178Paper2/inputs/Images/Survey_Page1A.png Graphic
 file (type png)
<use D:/ISchool/2178/Paper2/2178Paper2/inputs/Images/Survey_Page1A.png>
Package pdftex.def Info: D:/ISchool/2178/Paper2/2178Paper2/inputs/Images/Survey
_Page1A.png  used on input line 448.
(pdftex.def)             Requested size: 446.28143pt x 356.82635pt.
<D:/ISchool/2178/Paper2/2178Paper2/inputs/Images/Survey_Page1B.png, id=279, 830
.10126pt x 304.13625pt>
File: D:/ISchool/2178/Paper2/2178Paper2/inputs/Images/Survey_Page1B.png Graphic
 file (type png)
<use D:/ISchool/2178/Paper2/2178Paper2/inputs/Images/Survey_Page1B.png>
Package pdftex.def Info: D:/ISchool/2178/Paper2/2178Paper2/inputs/Images/Survey
_Page1B.png  used on input line 450.
(pdftex.def)             Requested size: 446.2594pt x 163.50252pt.
[16 <d:/ISchool/2178/Paper2/2178Paper2/inputs/images/Survey_Page1A.png>]
<D:/ISchool/2178/Paper2/2178Paper2/inputs/Images/Survey_Page2A.png, id=286, 641
.39626pt x 513.92pt>
File: D:/ISchool/2178/Paper2/2178Paper2/inputs/Images/Survey_Page2A.png Graphic
 file (type png)
<use D:/ISchool/2178/Paper2/2178Paper2/inputs/Images/Survey_Page2A.png>
Package pdftex.def Info: D:/ISchool/2178/Paper2/2178Paper2/inputs/Images/Survey
_Page2A.png  used on input line 452.
(pdftex.def)             Requested size: 446.27313pt x 357.57721pt.
<D:/ISchool/2178/Paper2/2178Paper2/inputs/Images/Survey_Page2B.png, id=287, 633
.36626pt x 506.89375pt>
File: D:/ISchool/2178/Paper2/2178Paper2/inputs/Images/Survey_Page2B.png Graphic
 file (type png)
<use D:/ISchool/2178/Paper2/2178Paper2/inputs/Images/Survey_Page2B.png>
Package pdftex.def Info: D:/ISchool/2178/Paper2/2178Paper2/inputs/Images/Survey
_Page2B.png  used on input line 454.
(pdftex.def)             Requested size: 446.272pt x 357.15904pt.
[17 <d:/ISchool/2178/Paper2/2178Paper2/inputs/images/Survey_Page1B.png> <d:/ISc
hool/2178/Paper2/2178Paper2/inputs/images/Survey_Page2A.png>]
<D:/ISchool/2178/Paper2/2178Paper2/inputs/Images/Survey_Page2C.png, id=294, 569
.12625pt x 222.33063pt>
File: D:/ISchool/2178/Paper2/2178Paper2/inputs/Images/Survey_Page2C.png Graphic
 file (type png)
<use D:/ISchool/2178/Paper2/2178Paper2/inputs/Images/Survey_Page2C.png>
Package pdftex.def Info: D:/ISchool/2178/Paper2/2178Paper2/inputs/Images/Survey
_Page2C.png  used on input line 456.
(pdftex.def)             Requested size: 446.28746pt x 174.34332pt.
<D:/ISchool/2178/Paper2/2178Paper2/inputs/Images/Survey_Page3A.png, id=295, 541
.02126pt x 433.62pt>
File: D:/ISchool/2178/Paper2/2178Paper2/inputs/Images/Survey_Page3A.png Graphic
 file (type png)
<use D:/ISchool/2178/Paper2/2178Paper2/inputs/Images/Survey_Page3A.png>
Package pdftex.def Info: D:/ISchool/2178/Paper2/2178Paper2/inputs/Images/Survey
_Page3A.png  used on input line 458.
(pdftex.def)             Requested size: 446.282pt x 357.68799pt.
[18 <d:/ISchool/2178/Paper2/2178Paper2/inputs/images/Survey_Page2B.png> <d:/ISc
hool/2178/Paper2/2178Paper2/inputs/images/Survey_Page2C.png>]
<D:/ISchool/2178/Paper2/2178Paper2/inputs/Images/Survey_Page3B.png, id=302, 649
.42625pt x 519.44063pt>
File: D:/ISchool/2178/Paper2/2178Paper2/inputs/Images/Survey_Page3B.png Graphic
 file (type png)
<use D:/ISchool/2178/Paper2/2178Paper2/inputs/Images/Survey_Page3B.png>
Package pdftex.def Info: D:/ISchool/2178/Paper2/2178Paper2/inputs/Images/Survey
_Page3B.png  used on input line 460.
(pdftex.def)             Requested size: 446.27135pt x 356.9481pt.
[19 <d:/ISchool/2178/Paper2/2178Paper2/inputs/images/Survey_Page3A.png>]
<D:/ISchool/2178/Paper2/2178Paper2/inputs/Images/Survey_Page3C.png, id=309, 580
.1675pt x 464.23438pt>
File: D:/ISchool/2178/Paper2/2178Paper2/inputs/Images/Survey_Page3C.png Graphic
 file (type png)
<use D:/ISchool/2178/Paper2/2178Paper2/inputs/Images/Survey_Page3C.png>
Package pdftex.def Info: D:/ISchool/2178/Paper2/2178Paper2/inputs/Images/Survey
_Page3C.png  used on input line 462.
(pdftex.def)             Requested size: 446.27pt x 357.09322pt.
[20 <d:/ISchool/2178/Paper2/2178Paper2/inputs/images/Survey_Page3B.png>]
<D:/ISchool/2178/Paper2/2178Paper2/inputs/Images/Survey_Page3D.png, id=315, 586
.19pt x 468.75125pt>
File: D:/ISchool/2178/Paper2/2178Paper2/inputs/Images/Survey_Page3D.png Graphic
 file (type png)
<use D:/ISchool/2178/Paper2/2178Paper2/inputs/Images/Survey_Page3D.png>
Package pdftex.def Info: D:/ISchool/2178/Paper2/2178Paper2/inputs/Images/Survey
_Page3D.png  used on input line 464.
(pdftex.def)             Requested size: 446.26038pt x 356.85545pt.
[21 <d:/ISchool/2178/Paper2/2178Paper2/inputs/images/Survey_Page3C.png>]
<D:/ISchool/2178/Paper2/2178Paper2/inputs/Images/Survey_Page3E.png, id=321, 652
.4375pt x 521.44812pt>
File: D:/ISchool/2178/Paper2/2178Paper2/inputs/Images/Survey_Page3E.png Graphic
 file (type png)
<use D:/ISchool/2178/Paper2/2178Paper2/inputs/Images/Survey_Page3E.png>
Package pdftex.def Info: D:/ISchool/2178/Paper2/2178Paper2/inputs/Images/Survey
_Page3E.png  used on input line 466.
(pdftex.def)             Requested size: 446.27985pt x 356.68059pt.
[22 <d:/ISchool/2178/Paper2/2178Paper2/inputs/images/Survey_Page3D.png>]
<D:/ISchool/2178/Paper2/2178Paper2/inputs/Images/Survey_Page3F.png, id=327, 667
.49374pt x 253.44687pt>
File: D:/ISchool/2178/Paper2/2178Paper2/inputs/Images/Survey_Page3F.png Graphic
 file (type png)
<use D:/ISchool/2178/Paper2/2178Paper2/inputs/Images/Survey_Page3F.png>
Package pdftex.def Info: D:/ISchool/2178/Paper2/2178Paper2/inputs/Images/Survey
_Page3F.png  used on input line 468.
(pdftex.def)             Requested size: 446.27129pt x 169.44885pt.
<D:/ISchool/2178/Paper2/2178Paper2/inputs/Images/Survey_Page4A.png, id=328, 651
.43375pt x 521.44812pt>
File: D:/ISchool/2178/Paper2/2178Paper2/inputs/Images/Survey_Page4A.png Graphic
 file (type png)
<use D:/ISchool/2178/Paper2/2178Paper2/inputs/Images/Survey_Page4A.png>
Package pdftex.def Info: D:/ISchool/2178/Paper2/2178Paper2/inputs/Images/Survey
_Page4A.png  used on input line 470.
(pdftex.def)             Requested size: 446.27911pt x 357.2296pt.
[23 <d:/ISchool/2178/Paper2/2178Paper2/inputs/images/Survey_Page3E.png> <d:/ISc
hool/2178/Paper2/2178Paper2/inputs/images/Survey_Page3F.png>]
<D:/ISchool/2178/Paper2/2178Paper2/inputs/Images/Survey_Page4B.png, id=335, 590
.205pt x 472.26437pt>
File: D:/ISchool/2178/Paper2/2178Paper2/inputs/Images/Survey_Page4B.png Graphic
 file (type png)
<use D:/ISchool/2178/Paper2/2178Paper2/inputs/Images/Survey_Page4B.png>
Package pdftex.def Info: D:/ISchool/2178/Paper2/2178Paper2/inputs/Images/Survey
_Page4B.png  used on input line 472.
(pdftex.def)             Requested size: 446.27298pt x 357.09428pt.
[24 <d:/ISchool/2178/Paper2/2178Paper2/inputs/images/Survey_Page4A.png>]
<D:/ISchool/2178/Paper2/2178Paper2/inputs/Images/Survey_Page4C.png, id=341, 591
.20876pt x 473.77pt>
File: D:/ISchool/2178/Paper2/2178Paper2/inputs/Images/Survey_Page4C.png Graphic
 file (type png)
<use D:/ISchool/2178/Paper2/2178Paper2/inputs/Images/Survey_Page4C.png>
Package pdftex.def Info: D:/ISchool/2178/Paper2/2178Paper2/inputs/Images/Survey
_Page4C.png  used on input line 474.
(pdftex.def)             Requested size: 446.27419pt x 357.62549pt.
[25 <d:/ISchool/2178/Paper2/2178Paper2/inputs/images/Survey_Page4B.png>] [26 <d
:/ISchool/2178/Paper2/2178Paper2/inputs/images/Survey_Page4C.png>]
Underfull \hbox (badness 1721) in paragraph at lines 501--503
[][]\T1/lmr/m/n/10 Gagolewski, Marek. 2020. \T1/lmr/m/it/10 R Pack-age Stringi:
 Char-ac-ter String Pro-cess-ing Fa-cil-i-ties\T1/lmr/m/n/10 . []$http :
 []

[27] [28] (./The-Effects-of-Opening-a-Restaurant-in-a-Pandemic_Temp.aux)

LaTeX Warning: There were undefined references.

Package rerunfilecheck Info: File `The-Effects-of-Opening-a-Restaurant-in-a-Pan
demic_Temp.out' has not changed.
(rerunfilecheck)             Checksum: 6F4ED8C2ED5ED514CEC852057CC3005F;1735.
 ) 
Here is how much of TeX's memory you used:
 12217 strings out of 480971
 187505 string characters out of 5906254
 499920 words of memory out of 5000000
 29044 multiletter control sequences out of 15000+600000
 474728 words of font info for 81 fonts, out of 8000000 for 9000
 14 hyphenation exceptions out of 8191
 71i,9n,74p,1858b,431s stack positions out of 5000i,500n,10000p,200000b,80000s
{c:/Users/Spade/AppData/Roaming/TinyTeX/texmf-dist/fonts/enc/dvips/lm/lm-ts1.
enc}{c:/Users/Spade/AppData/Roaming/TinyTeX/texmf-dist/fonts/enc/dvips/lm/lm-ec
.enc}<c:/Users/Spade/AppData/Roaming/TinyTeX/texmf-dist/fonts/type1/public/lm/l
mbx10.pfb><c:/Users/Spade/AppData/Roaming/TinyTeX/texmf-dist/fonts/type1/public
/lm/lmbx12.pfb><c:/Users/Spade/AppData/Roaming/TinyTeX/texmf-dist/fonts/type1/p
ublic/lm/lmbx9.pfb><c:/Users/Spade/AppData/Roaming/TinyTeX/texmf-dist/fonts/typ
e1/public/lm/lmbxi10.pfb><c:/Users/Spade/AppData/Roaming/TinyTeX/texmf-dist/fon
ts/type1/public/lm/lmr10.pfb><c:/Users/Spade/AppData/Roaming/TinyTeX/texmf-dist
/fonts/type1/public/lm/lmr12.pfb><c:/Users/Spade/AppData/Roaming/TinyTeX/texmf-
dist/fonts/type1/public/lm/lmr17.pfb><c:/Users/Spade/AppData/Roaming/TinyTeX/te
xmf-dist/fonts/type1/public/lm/lmr6.pfb><c:/Users/Spade/AppData/Roaming/TinyTeX
/texmf-dist/fonts/type1/public/lm/lmr8.pfb><c:/Users/Spade/AppData/Roaming/Tiny
TeX/texmf-dist/fonts/type1/public/lm/lmr9.pfb><c:/Users/Spade/AppData/Roaming/T
inyTeX/texmf-dist/fonts/type1/public/lm/lmri10.pfb><c:/Users/Spade/AppData/Roam
ing/TinyTeX/texmf-dist/fonts/type1/public/lm/lmtt10.pfb>
Output written on The-Effects-of-Opening-a-Restaurant-in-a-Pandemic_Temp.pdf (2
8 pages, 2186357 bytes).
PDF statistics:
 495 PDF objects out of 1000 (max. 8388607)
 404 compressed objects within 5 object streams
 99 named destinations out of 1000 (max. 500000)
 223 words of extra memory for PDF output out of 10000 (max. 10000000)

